Using pre-set license
Built from '2020.2/release' branch; Version is '2020.2.4f1 (becced5a802b) revision 12504301'; Using compiler version '192528614'; Build Type 'Release'
OS: 'Windows 10 Pro; OS build 19042.1237; Version 2009; 64bit' Language: 'en' Physical Memory: 8154 MB
BatchMode: 1, IsHumanControllingUs: 0, StartBugReporterOnCrash: 0, Is64bit: 1, IsPro: 0

 COMMAND LINE ARGUMENTS:
D:\Editor\2020.2.4f1\Editor\Unity.exe
-adb2
-batchMode
-noUpm
-name
AssetImportWorker1
-projectPath
D:/4 Classes/Introduction to Computer Game Development/Assessment 3/13756818_Assess3/Assessment3 Pacman
-logFile
Logs/AssetImportWorker1.log
-srvPort
54022
Successfully changed project path to: D:/4 Classes/Introduction to Computer Game Development/Assessment 3/13756818_Assess3/Assessment3 Pacman
D:/4 Classes/Introduction to Computer Game Development/Assessment 3/13756818_Assess3/Assessment3 Pacman
Using Asset Import Pipeline V2.
Refreshing native plugins compatible for Editor in 33.32 ms, found 0 plugins.
Preloading 0 native plugins for Editor in 0.00 ms.
Initialize engine version: 2020.2.4f1 (becced5a802b)
[Subsystems] Discovering subsystems at path D:/Editor/2020.2.4f1/Editor/Data/Resources/UnitySubsystems
[Subsystems] Discovering subsystems at path D:/4 Classes/Introduction to Computer Game Development/Assessment 3/13756818_Assess3/Assessment3 Pacman/Assets
GfxDevice: creating device client; threaded=0
Direct3D:
    Version:  Direct3D 11.0 [level 11.1]
    Renderer: NVIDIA GeForce GTX 1070 (ID=0x1b81)
    Vendor:   
    VRAM:     8088 MB
    Driver:   27.21.14.6172
Initialize mono
Mono path[0] = 'D:/Editor/2020.2.4f1/Editor/Data/Managed'
Mono path[1] = 'D:/Editor/2020.2.4f1/Editor/Data/MonoBleedingEdge/lib/mono/unityjit'
Mono config path = 'D:/Editor/2020.2.4f1/Editor/Data/MonoBleedingEdge/etc'
Using monoOptions --debugger-agent=transport=dt_socket,embedding=1,server=y,suspend=n,address=127.0.0.1:56356
Begin MonoManager ReloadAssembly
Registering precompiled unity dll's ...
Register platform support module: D:/Editor/2020.2.4f1/Editor/Data/PlaybackEngines/WebGLSupport/UnityEditor.WebGL.Extensions.dll
Register platform support module: D:/Editor/2020.2.4f1/Editor/Data/PlaybackEngines/WindowsStandaloneSupport/UnityEditor.WindowsStandalone.Extensions.dll
Registered in 0.001326 seconds.
Native extension for WindowsStandalone target not found
Native extension for WebGL target not found
Refreshing native plugins compatible for Editor in 27.50 ms, found 0 plugins.
Preloading 0 native plugins for Editor in 0.00 ms.
Invoked RoslynAnalysisRunner static constructor.
RoslynAnalysisRunner will not be running.
RoslynAnalysisRunner has terminated.
Mono: successfully reloaded assembly
- Completed reload, in  1.201 seconds
Platform modules already initialized, skipping
Registering precompiled user dll's ...
Registered in 0.001842 seconds.
Begin MonoManager ReloadAssembly
Native extension for WindowsStandalone target not found
Native extension for WebGL target not found
Refreshing native plugins compatible for Editor in 0.34 ms, found 0 plugins.
Preloading 0 native plugins for Editor in 0.00 ms.
Invoked RoslynAnalysisRunner static constructor.
RoslynAnalysisRunner will not be running.
RoslynAnalysisRunner has terminated.
Mono: successfully reloaded assembly
- Completed reload, in  0.751 seconds
Platform modules already initialized, skipping
========================================================================
Worker process is ready to serve import requests
Launched and connected shader compiler UnityShaderCompiler.exe after 0.08 seconds
Refreshing native plugins compatible for Editor in 0.33 ms, found 0 plugins.
Preloading 0 native plugins for Editor in 0.00 ms.
Unloading 1404 Unused Serialized files (Serialized files now loaded: 0)
System memory in use before: 65.1 MB.
System memory in use after: 65.2 MB.

Unloading 34 unused Assets to reduce memory usage. Loaded Objects now: 1832.
Total: 2.040700 ms (FindLiveObjects: 0.135700 ms CreateObjectMapping: 0.041400 ms MarkObjects: 1.756200 ms  DeleteObjects: 0.106500 ms)

========================================================================
Received Import Request.
  path: Assets/Audio Clips/Pacman Death.mp3
  artifactKey: Guid(8ec0bc272ea6ad24cb5fb16c49c354cf) Importer(815301076,1909f56bfc062723c751e8b465ee728b)
Start importing Assets/Audio Clips/Pacman Death.mp3 using Guid(8ec0bc272ea6ad24cb5fb16c49c354cf) Importer(815301076,1909f56bfc062723c751e8b465ee728b)  -> (artifact id: 'fca585b91a340d3ded3396376b49391a') in 0.215935 seconds
  Import took 0.234714 seconds .

========================================================================
Received Import Request.
  Time since last request: 65.937606 seconds.
  path: Assets/Sprites/Money.png
  artifactKey: Guid(74b3f049b1c1caa46b3bfbc0429c8358) Importer(815301076,1909f56bfc062723c751e8b465ee728b)
Start importing Assets/Sprites/Money.png using Guid(74b3f049b1c1caa46b3bfbc0429c8358) Importer(815301076,1909f56bfc062723c751e8b465ee728b)  -> (artifact id: '880499ec24637966ce9532e06d41dffe') in 0.088982 seconds
  Import took 0.120548 seconds .

========================================================================
Received Import Request.
  Time since last request: 0.000289 seconds.
  path: Assets/Sprites/Power Pellet.png
  artifactKey: Guid(98e477d9a6d4d404881f6fe09601559c) Importer(815301076,1909f56bfc062723c751e8b465ee728b)
Start importing Assets/Sprites/Power Pellet.png using Guid(98e477d9a6d4d404881f6fe09601559c) Importer(815301076,1909f56bfc062723c751e8b465ee728b)  -> (artifact id: '32a416ee3f432afd48bf730d73eeb97a') in 0.056542 seconds
  Import took 0.072064 seconds .

========================================================================
Received Import Request.
  Time since last request: 17.940219 seconds.
  path: Assets/Map Layout/Money.png
  artifactKey: Guid(8fdf0376058066344ae6e4ba075d9a99) Importer(815301076,1909f56bfc062723c751e8b465ee728b)
Start importing Assets/Map Layout/Money.png using Guid(8fdf0376058066344ae6e4ba075d9a99) Importer(815301076,1909f56bfc062723c751e8b465ee728b)  -> (artifact id: '63b87c002bc025dfe897a730d619ca7a') in 0.006744 seconds
  Import took 0.012394 seconds .

========================================================================
Received Import Request.
  Time since last request: 0.000246 seconds.
  path: Assets/Map Layout/Power Pellet.png
  artifactKey: Guid(67763623d048cdd4ca6ccf236c226e4c) Importer(815301076,1909f56bfc062723c751e8b465ee728b)
Start importing Assets/Map Layout/Power Pellet.png using Guid(67763623d048cdd4ca6ccf236c226e4c) Importer(815301076,1909f56bfc062723c751e8b465ee728b)  -> (artifact id: '2a72e2b5ff96120b956851e059722b0b') in 0.018462 seconds
  Import took 0.045866 seconds .

========================================================================
Received Import Request.
  Time since last request: 0.000251 seconds.
  path: Assets/Map Layout/Money.png
  artifactKey: Guid(8fdf0376058066344ae6e4ba075d9a99) Importer(815301076,1909f56bfc062723c751e8b465ee728b)
Start importing Assets/Map Layout/Money.png using Guid(8fdf0376058066344ae6e4ba075d9a99) Importer(815301076,1909f56bfc062723c751e8b465ee728b)  -> (artifact id: '63b87c002bc025dfe897a730d619ca7a') in 0.005839 seconds
  Import took 0.008436 seconds .

========================================================================
Received Import Request.
  Time since last request: 0.000228 seconds.
  path: Assets/Map Layout/Walls and Corners.png
  artifactKey: Guid(f319da9f0c3c637448b0645aad07025b) Importer(815301076,1909f56bfc062723c751e8b465ee728b)
Start importing Assets/Map Layout/Walls and Corners.png using Guid(f319da9f0c3c637448b0645aad07025b) Importer(815301076,1909f56bfc062723c751e8b465ee728b)  -> (artifact id: '3aa85ffbc47428876a0f03d03dd32af1') in 0.024309 seconds
  Import took 0.026809 seconds .

========================================================================
Received Import Request.
  Time since last request: 14.933518 seconds.
  path: Assets/Map Layout/Money.png
  artifactKey: Guid(8fdf0376058066344ae6e4ba075d9a99) Importer(815301076,1909f56bfc062723c751e8b465ee728b)
Start importing Assets/Map Layout/Money.png using Guid(8fdf0376058066344ae6e4ba075d9a99) Importer(815301076,1909f56bfc062723c751e8b465ee728b)  -> (artifact id: '6a1e357f35e54cc81918d0b0fb158d97') in 0.020009 seconds
  Import took 0.047259 seconds .

========================================================================
Received Import Request.
  Time since last request: 5.583327 seconds.
  path: Assets/Map Layout/Money.png
  artifactKey: Guid(8fdf0376058066344ae6e4ba075d9a99) Importer(815301076,1909f56bfc062723c751e8b465ee728b)
Start importing Assets/Map Layout/Money.png using Guid(8fdf0376058066344ae6e4ba075d9a99) Importer(815301076,1909f56bfc062723c751e8b465ee728b)  -> (artifact id: 'e964635350930c43f8ab981c7e3c95b1') in 0.028045 seconds
  Import took 0.037874 seconds .

========================================================================
Received Import Request.
  Time since last request: 5.529889 seconds.
  path: Assets/Map Layout/Power Pellet.png
  artifactKey: Guid(67763623d048cdd4ca6ccf236c226e4c) Importer(815301076,1909f56bfc062723c751e8b465ee728b)
Start importing Assets/Map Layout/Power Pellet.png using Guid(67763623d048cdd4ca6ccf236c226e4c) Importer(815301076,1909f56bfc062723c751e8b465ee728b)  -> (artifact id: '4226ebe0a970cea1f6d2be358c10d80e') in 0.012516 seconds
  Import took 0.023501 seconds .

========================================================================
Received Import Request.
  Time since last request: 0.000164 seconds.
  path: Assets/Map Layout/Walls and Corners.png
  artifactKey: Guid(f319da9f0c3c637448b0645aad07025b) Importer(815301076,1909f56bfc062723c751e8b465ee728b)
Start importing Assets/Map Layout/Walls and Corners.png using Guid(f319da9f0c3c637448b0645aad07025b) Importer(815301076,1909f56bfc062723c751e8b465ee728b)  -> (artifact id: 'ddc0e8dff96d22a17dea28736718f302') in 0.012716 seconds
  Import took 0.079651 seconds .

========================================================================
Received Import Request.
  Time since last request: 28.237428 seconds.
  path: Assets/Map Layout/Walls and Corners.png
  artifactKey: Guid(f319da9f0c3c637448b0645aad07025b) Importer(815301076,1909f56bfc062723c751e8b465ee728b)
Start importing Assets/Map Layout/Walls and Corners.png using Guid(f319da9f0c3c637448b0645aad07025b) Importer(815301076,1909f56bfc062723c751e8b465ee728b)  -> (artifact id: 'ce2525f2412dbbcf0823adab7539f6b9') in 0.008785 seconds
  Import took 0.032752 seconds .

========================================================================
Received Import Request.
  Time since last request: 15.063346 seconds.
  path: Assets/Map Layout/Walls and Corners.png
  artifactKey: Guid(f319da9f0c3c637448b0645aad07025b) Importer(815301076,1909f56bfc062723c751e8b465ee728b)
Start importing Assets/Map Layout/Walls and Corners.png using Guid(f319da9f0c3c637448b0645aad07025b) Importer(815301076,1909f56bfc062723c751e8b465ee728b)  -> (artifact id: 'fabdda03e15331ab34e8b2f9dace4f94') in 0.021580 seconds
  Import took 0.039928 seconds .

========================================================================
Received Import Request.
  Time since last request: 8.867495 seconds.
  path: Assets/Map Layout/Walls and Corners.png
  artifactKey: Guid(f319da9f0c3c637448b0645aad07025b) Importer(815301076,1909f56bfc062723c751e8b465ee728b)
Start importing Assets/Map Layout/Walls and Corners.png using Guid(f319da9f0c3c637448b0645aad07025b) Importer(815301076,1909f56bfc062723c751e8b465ee728b)  -> (artifact id: '2845068f313647f5c19a0d8cb0739762') in 0.014229 seconds
  Import took 0.017579 seconds .

========================================================================
Received Import Request.
  Time since last request: 847.694950 seconds.
  path: Assets/Map Layout/T Junction.png
  artifactKey: Guid(ea2a2297013648e4c982e26038ef8c55) Importer(815301076,1909f56bfc062723c751e8b465ee728b)
Start importing Assets/Map Layout/T Junction.png using Guid(ea2a2297013648e4c982e26038ef8c55) Importer(815301076,1909f56bfc062723c751e8b465ee728b)  -> (artifact id: '3ab2f406680dc1df4e48eaa664294287') in 0.012761 seconds
  Import took 0.015931 seconds .

========================================================================
Received Import Request.
  Time since last request: 0.002805 seconds.
  path: Assets/Map Layout/T Junction.png
  artifactKey: Guid(ea2a2297013648e4c982e26038ef8c55) Importer(815301076,1909f56bfc062723c751e8b465ee728b)
Start importing Assets/Map Layout/T Junction.png using Guid(ea2a2297013648e4c982e26038ef8c55) Importer(815301076,1909f56bfc062723c751e8b465ee728b)  -> (artifact id: '3ab2f406680dc1df4e48eaa664294287') in 0.006091 seconds
  Import took 0.009148 seconds .

========================================================================
Received Import Request.
  Time since last request: 5.353779 seconds.
  path: Assets/Map Layout/T Junction.png
  artifactKey: Guid(ea2a2297013648e4c982e26038ef8c55) Importer(815301076,1909f56bfc062723c751e8b465ee728b)
Start importing Assets/Map Layout/T Junction.png using Guid(ea2a2297013648e4c982e26038ef8c55) Importer(815301076,1909f56bfc062723c751e8b465ee728b)  -> (artifact id: '8cf8530d254cc9b0120a3769e65e6c34') in 0.013229 seconds
  Import took 0.016973 seconds .

========================================================================
Received Import Request.
  Time since last request: 739.802269 seconds.
  path: Assets/Sprites/Ghost 1.png
  artifactKey: Guid(fff177a20bd3057459a42b6dcb624caf) Importer(815301076,1909f56bfc062723c751e8b465ee728b)
Start importing Assets/Sprites/Ghost 1.png using Guid(fff177a20bd3057459a42b6dcb624caf) Importer(815301076,1909f56bfc062723c751e8b465ee728b)  -> (artifact id: '608a426e335839c6a20ec7f2a778f84c') in 0.019565 seconds
  Import took 0.029188 seconds .

========================================================================
Received Import Request.
  Time since last request: 4.549326 seconds.
  path: Assets/Sprites/Ghost 1.png
  artifactKey: Guid(fff177a20bd3057459a42b6dcb624caf) Importer(815301076,1909f56bfc062723c751e8b465ee728b)
Start importing Assets/Sprites/Ghost 1.png using Guid(fff177a20bd3057459a42b6dcb624caf) Importer(815301076,1909f56bfc062723c751e8b465ee728b)  -> (artifact id: '2cf02afecbb97e2eb060511cd183e758') in 0.028960 seconds
  Import took 0.053822 seconds .

========================================================================
Received Import Request.
  Time since last request: 4.831458 seconds.
  path: Assets/Sprites/Ghost 1.png
  artifactKey: Guid(fff177a20bd3057459a42b6dcb624caf) Importer(815301076,1909f56bfc062723c751e8b465ee728b)
Start importing Assets/Sprites/Ghost 1.png using Guid(fff177a20bd3057459a42b6dcb624caf) Importer(815301076,1909f56bfc062723c751e8b465ee728b)  -> (artifact id: '094ee7cba6b348a586e2fb6a749a692b') in 0.011382 seconds
  Import took 0.022511 seconds .

========================================================================
Received Import Request.
  Time since last request: 9.129686 seconds.
  path: Assets/Sprites/Ghost 1.png
  artifactKey: Guid(fff177a20bd3057459a42b6dcb624caf) Importer(815301076,1909f56bfc062723c751e8b465ee728b)
Start importing Assets/Sprites/Ghost 1.png using Guid(fff177a20bd3057459a42b6dcb624caf) Importer(815301076,1909f56bfc062723c751e8b465ee728b)  -> (artifact id: 'b990c6ed1eba87a4b081aba5f5e8c66d') in 0.043249 seconds
  Import took 0.064940 seconds .

========================================================================
Received Import Request.
  Time since last request: 5605.751062 seconds.
  path: Assets/Sprites/Ghost 2.png
  artifactKey: Guid(d50c9e4e7b914fd4696a3417bad5cc97) Importer(815301076,1909f56bfc062723c751e8b465ee728b)
Start importing Assets/Sprites/Ghost 2.png using Guid(d50c9e4e7b914fd4696a3417bad5cc97) Importer(815301076,1909f56bfc062723c751e8b465ee728b)  -> (artifact id: '53190e323528999faf7dd637300c44e2') in 0.279273 seconds
  Import took 0.311296 seconds .

========================================================================
Received Import Request.
  Time since last request: 0.000195 seconds.
  path: Assets/Sprites/Ghost 3.png
  artifactKey: Guid(2a6eda6257c11a24683e3f0ac535a652) Importer(815301076,1909f56bfc062723c751e8b465ee728b)
Start importing Assets/Sprites/Ghost 3.png using Guid(2a6eda6257c11a24683e3f0ac535a652) Importer(815301076,1909f56bfc062723c751e8b465ee728b)  -> (artifact id: '7267cef5e56d53c4b262ca5d78b6ff13') in 0.119490 seconds
  Import took 0.141278 seconds .

========================================================================
Received Import Request.
  Time since last request: 0.000185 seconds.
  path: Assets/Sprites/Ghost 4.png
  artifactKey: Guid(4068abd1afbb4da409c24c42933688f6) Importer(815301076,1909f56bfc062723c751e8b465ee728b)
Start importing Assets/Sprites/Ghost 4.png using Guid(4068abd1afbb4da409c24c42933688f6) Importer(815301076,1909f56bfc062723c751e8b465ee728b)  -> (artifact id: '7440be511e195e134864e6d1ca713da0') in 0.097107 seconds
  Import took 0.110448 seconds .

========================================================================
Received Import Request.
  Time since last request: 8.919042 seconds.
  path: Assets/Sprites/Ghost 2.png
  artifactKey: Guid(d50c9e4e7b914fd4696a3417bad5cc97) Importer(815301076,1909f56bfc062723c751e8b465ee728b)
Start importing Assets/Sprites/Ghost 2.png using Guid(d50c9e4e7b914fd4696a3417bad5cc97) Importer(815301076,1909f56bfc062723c751e8b465ee728b)  -> (artifact id: '28a6433f40992fef7c0379dda9c0f95e') in 0.060848 seconds
  Import took 0.084027 seconds .

========================================================================
Received Import Request.
  Time since last request: 0.000205 seconds.
  path: Assets/Sprites/Ghost 3.png
  artifactKey: Guid(2a6eda6257c11a24683e3f0ac535a652) Importer(815301076,1909f56bfc062723c751e8b465ee728b)
Start importing Assets/Sprites/Ghost 3.png using Guid(2a6eda6257c11a24683e3f0ac535a652) Importer(815301076,1909f56bfc062723c751e8b465ee728b)  -> (artifact id: 'b40f9fe16387cd0766493e36704ab402') in 0.158831 seconds
  Import took 0.204114 seconds .

========================================================================
Received Import Request.
  Time since last request: 0.000331 seconds.
  path: Assets/Sprites/Ghost 4.png
  artifactKey: Guid(4068abd1afbb4da409c24c42933688f6) Importer(815301076,1909f56bfc062723c751e8b465ee728b)
Start importing Assets/Sprites/Ghost 4.png using Guid(4068abd1afbb4da409c24c42933688f6) Importer(815301076,1909f56bfc062723c751e8b465ee728b)  -> (artifact id: '019187be614516f3733c6b71373ebf92') in 0.118488 seconds
  Import took 0.147498 seconds .

========================================================================
Received Import Request.
  Time since last request: 21.408102 seconds.
  path: Assets/Map Layout/T Junction 2.png
  artifactKey: Guid(8174b1db1bdd5d347ae1690b3d8aedaa) Importer(815301076,1909f56bfc062723c751e8b465ee728b)
Start importing Assets/Map Layout/T Junction 2.png using Guid(8174b1db1bdd5d347ae1690b3d8aedaa) Importer(815301076,1909f56bfc062723c751e8b465ee728b)  -> (artifact id: 'db1e4112672071263d3b0d3acfd85d7d') in 0.120442 seconds
  Import took 0.181316 seconds .

========================================================================
Received Import Request.
  Time since last request: 4.882588 seconds.
  path: Assets/Map Layout/T Junction 2.png
  artifactKey: Guid(8174b1db1bdd5d347ae1690b3d8aedaa) Importer(815301076,1909f56bfc062723c751e8b465ee728b)
Start importing Assets/Map Layout/T Junction 2.png using Guid(8174b1db1bdd5d347ae1690b3d8aedaa) Importer(815301076,1909f56bfc062723c751e8b465ee728b)  -> (artifact id: '811ed5e06d909d9f62b8700219bc02ce') in 0.025947 seconds
  Import took 0.078963 seconds .

