Using pre-set license
Built from '2020.2/release' branch; Version is '2020.2.4f1 (becced5a802b) revision 12504301'; Using compiler version '192528614'; Build Type 'Release'
OS: 'Windows 10 Pro; OS build 19042.1237; Version 2009; 64bit' Language: 'en' Physical Memory: 8154 MB
BatchMode: 1, IsHumanControllingUs: 0, StartBugReporterOnCrash: 0, Is64bit: 1, IsPro: 0

 COMMAND LINE ARGUMENTS:
D:\Editor\2020.2.4f1\Editor\Unity.exe
-adb2
-batchMode
-noUpm
-name
AssetImportWorker0
-projectPath
D:/4 Classes/Introduction to Computer Game Development/Assessment 3/13756818_Assess3/Assessment3 Pacman
-logFile
Logs/AssetImportWorker0.log
-srvPort
57174
Successfully changed project path to: D:/4 Classes/Introduction to Computer Game Development/Assessment 3/13756818_Assess3/Assessment3 Pacman
D:/4 Classes/Introduction to Computer Game Development/Assessment 3/13756818_Assess3/Assessment3 Pacman
Using Asset Import Pipeline V2.
Refreshing native plugins compatible for Editor in 33.06 ms, found 0 plugins.
Preloading 0 native plugins for Editor in 0.00 ms.
Initialize engine version: 2020.2.4f1 (becced5a802b)
[Subsystems] Discovering subsystems at path D:/Editor/2020.2.4f1/Editor/Data/Resources/UnitySubsystems
[Subsystems] Discovering subsystems at path D:/4 Classes/Introduction to Computer Game Development/Assessment 3/13756818_Assess3/Assessment3 Pacman/Assets
GfxDevice: creating device client; threaded=0
Direct3D:
    Version:  Direct3D 11.0 [level 11.1]
    Renderer: NVIDIA GeForce GTX 1070 (ID=0x1b81)
    Vendor:   
    VRAM:     8088 MB
    Driver:   27.21.14.6172
Initialize mono
Mono path[0] = 'D:/Editor/2020.2.4f1/Editor/Data/Managed'
Mono path[1] = 'D:/Editor/2020.2.4f1/Editor/Data/MonoBleedingEdge/lib/mono/unityjit'
Mono config path = 'D:/Editor/2020.2.4f1/Editor/Data/MonoBleedingEdge/etc'
Using monoOptions --debugger-agent=transport=dt_socket,embedding=1,server=y,suspend=n,address=127.0.0.1:56356
Begin MonoManager ReloadAssembly
Registering precompiled unity dll's ...
Register platform support module: D:/Editor/2020.2.4f1/Editor/Data/PlaybackEngines/WebGLSupport/UnityEditor.WebGL.Extensions.dll
Register platform support module: D:/Editor/2020.2.4f1/Editor/Data/PlaybackEngines/WindowsStandaloneSupport/UnityEditor.WindowsStandalone.Extensions.dll
Registered in 0.001469 seconds.
Native extension for WindowsStandalone target not found
Native extension for WebGL target not found
Refreshing native plugins compatible for Editor in 28.55 ms, found 0 plugins.
Preloading 0 native plugins for Editor in 0.00 ms.
Invoked RoslynAnalysisRunner static constructor.
RoslynAnalysisRunner will not be running.
RoslynAnalysisRunner has terminated.
Mono: successfully reloaded assembly
- Completed reload, in  1.221 seconds
Platform modules already initialized, skipping
Registering precompiled user dll's ...
Registered in 0.001896 seconds.
Begin MonoManager ReloadAssembly
Native extension for WindowsStandalone target not found
Native extension for WebGL target not found
Refreshing native plugins compatible for Editor in 0.33 ms, found 0 plugins.
Preloading 0 native plugins for Editor in 0.00 ms.
Invoked RoslynAnalysisRunner static constructor.
RoslynAnalysisRunner will not be running.
RoslynAnalysisRunner has terminated.
Mono: successfully reloaded assembly
- Completed reload, in  0.788 seconds
Platform modules already initialized, skipping
========================================================================
Worker process is ready to serve import requests
Launched and connected shader compiler UnityShaderCompiler.exe after 0.05 seconds
Refreshing native plugins compatible for Editor in 0.34 ms, found 0 plugins.
Preloading 0 native plugins for Editor in 0.00 ms.
Unloading 1403 Unused Serialized files (Serialized files now loaded: 0)
System memory in use before: 65.1 MB.
System memory in use after: 65.2 MB.

Unloading 34 unused Assets to reduce memory usage. Loaded Objects now: 1831.
Total: 2.095700 ms (FindLiveObjects: 0.212400 ms CreateObjectMapping: 0.082000 ms MarkObjects: 1.714400 ms  DeleteObjects: 0.085800 ms)

========================================================================
Received Import Request.
  path: Assets/Map Layout/Power Pellet flashing.png
  artifactKey: Guid(222b2bee8b56ed44cbb96820b54f3111) Importer(815301076,1909f56bfc062723c751e8b465ee728b)
Start importing Assets/Map Layout/Power Pellet flashing.png using Guid(222b2bee8b56ed44cbb96820b54f3111) Importer(815301076,1909f56bfc062723c751e8b465ee728b)  -> (artifact id: '7c2920fa360f9c6c5ed95eca8c11db9c') in 0.112082 seconds
  Import took 0.116020 seconds .

========================================================================
Received Import Request.
  Time since last request: 6.327124 seconds.
  path: Assets/Map Layout/Power Pellet flashing.png
  artifactKey: Guid(222b2bee8b56ed44cbb96820b54f3111) Importer(815301076,1909f56bfc062723c751e8b465ee728b)
Start importing Assets/Map Layout/Power Pellet flashing.png using Guid(222b2bee8b56ed44cbb96820b54f3111) Importer(815301076,1909f56bfc062723c751e8b465ee728b)  -> (artifact id: 'acb87236149eaa69007742886b28fd4a') in 0.015799 seconds
  Import took 0.026437 seconds .

========================================================================
Received Import Request.
  Time since last request: 56.467720 seconds.
  path: Assets/Map Layout/Normal Pellet.png
  artifactKey: Guid(8fdf0376058066344ae6e4ba075d9a99) Importer(815301076,1909f56bfc062723c751e8b465ee728b)
Start importing Assets/Map Layout/Normal Pellet.png using Guid(8fdf0376058066344ae6e4ba075d9a99) Importer(815301076,1909f56bfc062723c751e8b465ee728b)  -> (artifact id: '02a321c31302e63948e8274b58d93631') in 0.040992 seconds
  Import took 0.044013 seconds .

========================================================================
Received Import Request.
  Time since last request: 8.966948 seconds.
  path: Assets/Map Layout/Cherry Pellet.png
  artifactKey: Guid(90f1540d42cfae348ad1aadfc5141207) Importer(815301076,1909f56bfc062723c751e8b465ee728b)
Start importing Assets/Map Layout/Cherry Pellet.png using Guid(90f1540d42cfae348ad1aadfc5141207) Importer(815301076,1909f56bfc062723c751e8b465ee728b)  -> (artifact id: 'a5581864c79470a3ea8f429dc5d55d0e') in 0.013154 seconds
  Import took 0.017041 seconds .

========================================================================
Received Import Request.
  Time since last request: 0.000911 seconds.
  path: Assets/Map Layout/Cherry Pellet.png
  artifactKey: Guid(90f1540d42cfae348ad1aadfc5141207) Importer(815301076,1909f56bfc062723c751e8b465ee728b)
Start importing Assets/Map Layout/Cherry Pellet.png using Guid(90f1540d42cfae348ad1aadfc5141207) Importer(815301076,1909f56bfc062723c751e8b465ee728b)  -> (artifact id: 'a5581864c79470a3ea8f429dc5d55d0e') in 0.011164 seconds
  Import took 0.013635 seconds .

========================================================================
Received Prepare
Trying to reload asset but can't find object on disk

Trying to reload asset but can't find object on disk

Trying to reload asset but can't find object on disk

Trying to reload asset but can't find object on disk

Trying to reload asset but can't find object on disk

Trying to reload asset but can't find object on disk

Trying to reload asset but can't find object on disk

Trying to reload asset but can't find object on disk

Trying to reload asset but can't find object on disk

Trying to reload asset but can't find object on disk

Trying to reload asset but can't find object on disk

Trying to reload asset but can't find object on disk

Trying to reload asset but can't find object on disk

Trying to reload asset but can't find object on disk

Trying to reload asset but can't find object on disk

Trying to reload asset but can't find object on disk

Trying to reload asset but can't find object on disk

Trying to reload asset but can't find object on disk

Registering precompiled user dll's ...
Registered in 0.000644 seconds.
Begin MonoManager ReloadAssembly
Native extension for WindowsStandalone target not found
Native extension for WebGL target not found
Refreshing native plugins compatible for Editor in 0.19 ms, found 0 plugins.
Preloading 0 native plugins for Editor in 0.00 ms.
Invoked RoslynAnalysisRunner static constructor.
RoslynAnalysisRunner will not be running.
RoslynAnalysisRunner has terminated.
Mono: successfully reloaded assembly
- Completed reload, in  0.700 seconds
Platform modules already initialized, skipping
Refreshing native plugins compatible for Editor in 0.20 ms, found 0 plugins.
Preloading 0 native plugins for Editor in 0.00 ms.
Unloading 1100 Unused Serialized files (Serialized files now loaded: 0)
System memory in use before: 62.0 MB.
System memory in use after: 62.1 MB.

Unloading 146 unused Assets to reduce memory usage. Loaded Objects now: 1699.
Total: 1.603700 ms (FindLiveObjects: 0.122800 ms CreateObjectMapping: 0.037300 ms MarkObjects: 1.332100 ms  DeleteObjects: 0.110500 ms)

========================================================================
Received Import Request.
  Time since last request: 114.556800 seconds.
  path: Assets/Scripts/LevelGenerator.cs
  artifactKey: Guid(734d6612a1f0c2f4ca2c834edac045f8) Importer(815301076,1909f56bfc062723c751e8b465ee728b)
Start importing Assets/Scripts/LevelGenerator.cs using Guid(734d6612a1f0c2f4ca2c834edac045f8) Importer(815301076,1909f56bfc062723c751e8b465ee728b)  -> (artifact id: '7a3a12142c2ad8267d19473fbde7f5fa') in 0.013795 seconds
  Import took 0.016470 seconds .

========================================================================
Received Prepare
Trying to reload asset but can't find object on disk

Trying to reload asset but can't find object on disk

Trying to reload asset but can't find object on disk

Trying to reload asset but can't find object on disk

Trying to reload asset but can't find object on disk

Trying to reload asset but can't find object on disk

Trying to reload asset but can't find object on disk

Trying to reload asset but can't find object on disk

Trying to reload asset but can't find object on disk

Trying to reload asset but can't find object on disk

Trying to reload asset but can't find object on disk

Trying to reload asset but can't find object on disk

Trying to reload asset but can't find object on disk

Trying to reload asset but can't find object on disk

Trying to reload asset but can't find object on disk

Trying to reload asset but can't find object on disk

Trying to reload asset but can't find object on disk

Trying to reload asset but can't find object on disk

Registering precompiled user dll's ...
Registered in 0.000739 seconds.
Begin MonoManager ReloadAssembly
Native extension for WindowsStandalone target not found
Native extension for WebGL target not found
Refreshing native plugins compatible for Editor in 0.18 ms, found 0 plugins.
Preloading 0 native plugins for Editor in 0.00 ms.
Invoked RoslynAnalysisRunner static constructor.
RoslynAnalysisRunner will not be running.
RoslynAnalysisRunner has terminated.
Mono: successfully reloaded assembly
- Completed reload, in  0.698 seconds
Platform modules already initialized, skipping
Refreshing native plugins compatible for Editor in 0.31 ms, found 0 plugins.
Preloading 0 native plugins for Editor in 0.00 ms.
Unloading 1100 Unused Serialized files (Serialized files now loaded: 0)
System memory in use before: 61.5 MB.
System memory in use after: 61.6 MB.

Unloading 5 unused Assets to reduce memory usage. Loaded Objects now: 1701.
Total: 3.658500 ms (FindLiveObjects: 0.438400 ms CreateObjectMapping: 0.175000 ms MarkObjects: 2.954600 ms  DeleteObjects: 0.087900 ms)

========================================================================
Received Import Request.
  Time since last request: 96.016758 seconds.
  path: Assets/Scripts/LevelGenerator.cs
  artifactKey: Guid(734d6612a1f0c2f4ca2c834edac045f8) Importer(815301076,1909f56bfc062723c751e8b465ee728b)
Start importing Assets/Scripts/LevelGenerator.cs using Guid(734d6612a1f0c2f4ca2c834edac045f8) Importer(815301076,1909f56bfc062723c751e8b465ee728b)  -> (artifact id: '2a7db13ad0bbe5052d4e0193b40ba816') in 0.004010 seconds
  Import took 0.032101 seconds .

========================================================================
Received Import Request.
  Time since last request: 0.003452 seconds.
  path: Assets/Scripts/LevelGenerator.cs
  artifactKey: Guid(734d6612a1f0c2f4ca2c834edac045f8) Importer(815301076,1909f56bfc062723c751e8b465ee728b)
Start importing Assets/Scripts/LevelGenerator.cs using Guid(734d6612a1f0c2f4ca2c834edac045f8) Importer(815301076,1909f56bfc062723c751e8b465ee728b)  -> (artifact id: '2a7db13ad0bbe5052d4e0193b40ba816') in 0.002125 seconds
  Import took 0.005111 seconds .

========================================================================
Received Prepare
Trying to reload asset but can't find object on disk

Trying to reload asset but can't find object on disk

Trying to reload asset but can't find object on disk

Trying to reload asset but can't find object on disk

Trying to reload asset but can't find object on disk

Trying to reload asset but can't find object on disk

Trying to reload asset but can't find object on disk

Trying to reload asset but can't find object on disk

Trying to reload asset but can't find object on disk

Trying to reload asset but can't find object on disk

Trying to reload asset but can't find object on disk

Trying to reload asset but can't find object on disk

Trying to reload asset but can't find object on disk

Trying to reload asset but can't find object on disk

Trying to reload asset but can't find object on disk

Trying to reload asset but can't find object on disk

Trying to reload asset but can't find object on disk

Trying to reload asset but can't find object on disk

Registering precompiled user dll's ...
Registered in 0.000890 seconds.
Begin MonoManager ReloadAssembly
Native extension for WindowsStandalone target not found
Native extension for WebGL target not found
Refreshing native plugins compatible for Editor in 0.20 ms, found 0 plugins.
Preloading 0 native plugins for Editor in 0.00 ms.
Invoked RoslynAnalysisRunner static constructor.
RoslynAnalysisRunner will not be running.
RoslynAnalysisRunner has terminated.
Mono: successfully reloaded assembly
- Completed reload, in  0.699 seconds
Platform modules already initialized, skipping
Refreshing native plugins compatible for Editor in 0.19 ms, found 0 plugins.
Preloading 0 native plugins for Editor in 0.00 ms.
Unloading 1100 Unused Serialized files (Serialized files now loaded: 0)
System memory in use before: 61.5 MB.
System memory in use after: 61.6 MB.

Unloading 5 unused Assets to reduce memory usage. Loaded Objects now: 1703.
Total: 2.097600 ms (FindLiveObjects: 0.214900 ms CreateObjectMapping: 0.066700 ms MarkObjects: 1.749900 ms  DeleteObjects: 0.064600 ms)

========================================================================
Received Prepare
Trying to reload asset but can't find object on disk

Trying to reload asset but can't find object on disk

Trying to reload asset but can't find object on disk

Trying to reload asset but can't find object on disk

Trying to reload asset but can't find object on disk

Trying to reload asset but can't find object on disk

Trying to reload asset but can't find object on disk

Trying to reload asset but can't find object on disk

Trying to reload asset but can't find object on disk

Trying to reload asset but can't find object on disk

Trying to reload asset but can't find object on disk

Trying to reload asset but can't find object on disk

Trying to reload asset but can't find object on disk

Trying to reload asset but can't find object on disk

Trying to reload asset but can't find object on disk

Trying to reload asset but can't find object on disk

Trying to reload asset but can't find object on disk

Trying to reload asset but can't find object on disk

Registering precompiled user dll's ...
Registered in 0.000927 seconds.
Begin MonoManager ReloadAssembly
Native extension for WindowsStandalone target not found
Native extension for WebGL target not found
Refreshing native plugins compatible for Editor in 0.20 ms, found 0 plugins.
Preloading 0 native plugins for Editor in 0.00 ms.
Invoked RoslynAnalysisRunner static constructor.
RoslynAnalysisRunner will not be running.
RoslynAnalysisRunner has terminated.
Mono: successfully reloaded assembly
- Completed reload, in  0.740 seconds
Platform modules already initialized, skipping
Refreshing native plugins compatible for Editor in 0.18 ms, found 0 plugins.
Preloading 0 native plugins for Editor in 0.00 ms.
Unloading 1100 Unused Serialized files (Serialized files now loaded: 0)
System memory in use before: 61.6 MB.
System memory in use after: 61.6 MB.

Unloading 5 unused Assets to reduce memory usage. Loaded Objects now: 1705.
Total: 1.862900 ms (FindLiveObjects: 0.154200 ms CreateObjectMapping: 0.049700 ms MarkObjects: 1.605100 ms  DeleteObjects: 0.052700 ms)

========================================================================
Received Prepare
Registering precompiled user dll's ...
Registered in 0.001775 seconds.
Begin MonoManager ReloadAssembly
Native extension for WindowsStandalone target not found
Native extension for WebGL target not found
Refreshing native plugins compatible for Editor in 0.35 ms, found 0 plugins.
Preloading 0 native plugins for Editor in 0.00 ms.
Invoked RoslynAnalysisRunner static constructor.
RoslynAnalysisRunner will not be running.
RoslynAnalysisRunner has terminated.
Mono: successfully reloaded assembly
- Completed reload, in  0.759 seconds
Platform modules already initialized, skipping
Refreshing native plugins compatible for Editor in 0.33 ms, found 0 plugins.
Preloading 0 native plugins for Editor in 0.00 ms.
Unloading 1398 Unused Serialized files (Serialized files now loaded: 0)
System memory in use before: 68.3 MB.
System memory in use after: 68.4 MB.

Unloading 26 unused Assets to reduce memory usage. Loaded Objects now: 1847.
Total: 8.951300 ms (FindLiveObjects: 2.679700 ms CreateObjectMapping: 0.339600 ms MarkObjects: 5.774300 ms  DeleteObjects: 0.152900 ms)

========================================================================
Received Prepare
Trying to reload asset but can't find object on disk

Trying to reload asset but can't find object on disk

Trying to reload asset but can't find object on disk

Trying to reload asset but can't find object on disk

Trying to reload asset but can't find object on disk

Trying to reload asset but can't find object on disk

Trying to reload asset but can't find object on disk

Trying to reload asset but can't find object on disk

Trying to reload asset but can't find object on disk

Trying to reload asset but can't find object on disk

Trying to reload asset but can't find object on disk

Trying to reload asset but can't find object on disk

Trying to reload asset but can't find object on disk

Trying to reload asset but can't find object on disk

Trying to reload asset but can't find object on disk

Trying to reload asset but can't find object on disk

Trying to reload asset but can't find object on disk

Trying to reload asset but can't find object on disk

Registering precompiled user dll's ...
Registered in 0.000610 seconds.
Begin MonoManager ReloadAssembly
Native extension for WindowsStandalone target not found
Native extension for WebGL target not found
Refreshing native plugins compatible for Editor in 0.19 ms, found 0 plugins.
Preloading 0 native plugins for Editor in 0.00 ms.
Invoked RoslynAnalysisRunner static constructor.
RoslynAnalysisRunner will not be running.
RoslynAnalysisRunner has terminated.
Mono: successfully reloaded assembly
- Completed reload, in  0.731 seconds
Platform modules already initialized, skipping
Refreshing native plugins compatible for Editor in 0.18 ms, found 0 plugins.
Preloading 0 native plugins for Editor in 0.00 ms.
Unloading 1099 Unused Serialized files (Serialized files now loaded: 0)
System memory in use before: 62.1 MB.
System memory in use after: 62.2 MB.

Unloading 146 unused Assets to reduce memory usage. Loaded Objects now: 1708.
Total: 1.807200 ms (FindLiveObjects: 0.155800 ms CreateObjectMapping: 0.048500 ms MarkObjects: 1.496700 ms  DeleteObjects: 0.104200 ms)

========================================================================
Received Prepare
Registering precompiled user dll's ...
Registered in 0.000642 seconds.
Begin MonoManager ReloadAssembly
Native extension for WindowsStandalone target not found
Native extension for WebGL target not found
Refreshing native plugins compatible for Editor in 0.21 ms, found 0 plugins.
Preloading 0 native plugins for Editor in 0.00 ms.
Invoked RoslynAnalysisRunner static constructor.
RoslynAnalysisRunner will not be running.
RoslynAnalysisRunner has terminated.
Mono: successfully reloaded assembly
- Completed reload, in  0.698 seconds
Platform modules already initialized, skipping
Refreshing native plugins compatible for Editor in 0.18 ms, found 0 plugins.
Preloading 0 native plugins for Editor in 0.00 ms.
Unloading 1100 Unused Serialized files (Serialized files now loaded: 0)
System memory in use before: 61.6 MB.
System memory in use after: 61.7 MB.

Unloading 5 unused Assets to reduce memory usage. Loaded Objects now: 1711.
Total: 1.819500 ms (FindLiveObjects: 0.162900 ms CreateObjectMapping: 0.040600 ms MarkObjects: 1.552800 ms  DeleteObjects: 0.061800 ms)

========================================================================
Received Import Request.
  Time since last request: 1602.371680 seconds.
  path: Assets/Scripts
  artifactKey: Guid(3f6ff931a6b3c9d4b93ef30ea3327433) Importer(815301076,1909f56bfc062723c751e8b465ee728b)
Start importing Assets/Scripts using Guid(3f6ff931a6b3c9d4b93ef30ea3327433) Importer(815301076,1909f56bfc062723c751e8b465ee728b)  -> (artifact id: 'c005e4289fa98d24848ca42c466eb32c') in 0.009471 seconds
  Import took 0.021933 seconds .

========================================================================
Received Prepare
Registering precompiled user dll's ...
Registered in 0.000687 seconds.
Begin MonoManager ReloadAssembly
Native extension for WindowsStandalone target not found
Native extension for WebGL target not found
Refreshing native plugins compatible for Editor in 0.19 ms, found 0 plugins.
Preloading 0 native plugins for Editor in 0.00 ms.
Invoked RoslynAnalysisRunner static constructor.
RoslynAnalysisRunner will not be running.
RoslynAnalysisRunner has terminated.
Mono: successfully reloaded assembly
- Completed reload, in  0.708 seconds
Platform modules already initialized, skipping
Refreshing native plugins compatible for Editor in 0.19 ms, found 0 plugins.
Preloading 0 native plugins for Editor in 0.00 ms.
Unloading 1100 Unused Serialized files (Serialized files now loaded: 0)
System memory in use before: 61.6 MB.
System memory in use after: 61.7 MB.

Unloading 5 unused Assets to reduce memory usage. Loaded Objects now: 1713.
Total: 1.813600 ms (FindLiveObjects: 0.318500 ms CreateObjectMapping: 0.057600 ms MarkObjects: 1.355100 ms  DeleteObjects: 0.081400 ms)

========================================================================
Received Import Request.
  Time since last request: 30.278821 seconds.
  path: Assets/Sprites/Pacman_0.prefab
  artifactKey: Guid(8dc28c2a2b0e77c4995c4671b14d95d7) Importer(815301076,1909f56bfc062723c751e8b465ee728b)
Start importing Assets/Sprites/Pacman_0.prefab using Guid(8dc28c2a2b0e77c4995c4671b14d95d7) Importer(815301076,1909f56bfc062723c751e8b465ee728b)  -> (artifact id: '9482ed2cd21d8da8fab07687fa638156') in 0.064747 seconds
  Import took 0.076891 seconds .

========================================================================
Received Import Request.
  Time since last request: 12.737407 seconds.
  path: Assets/Map Layout/Cherry Pellet.png
  artifactKey: Guid(90f1540d42cfae348ad1aadfc5141207) Importer(815301076,1909f56bfc062723c751e8b465ee728b)
Start importing Assets/Map Layout/Cherry Pellet.png using Guid(90f1540d42cfae348ad1aadfc5141207) Importer(815301076,1909f56bfc062723c751e8b465ee728b)  -> (artifact id: '313db6efb6e352aa8501f60e67832723') in 0.025165 seconds
  Import took 0.051647 seconds .

========================================================================
Received Import Request.
  Time since last request: 0.000238 seconds.
  path: Assets/Map Layout/Power Pellet flashing.png
  artifactKey: Guid(222b2bee8b56ed44cbb96820b54f3111) Importer(815301076,1909f56bfc062723c751e8b465ee728b)
Start importing Assets/Map Layout/Power Pellet flashing.png using Guid(222b2bee8b56ed44cbb96820b54f3111) Importer(815301076,1909f56bfc062723c751e8b465ee728b)  -> (artifact id: 'b967f86ff2c8da964aa5b9743eb65afa') in 0.016186 seconds
  Import took 0.019023 seconds .

========================================================================
Received Import Request.
  Time since last request: 0.000328 seconds.
  path: Assets/Map Layout/Life indicator.png
  artifactKey: Guid(7a7ffd61e2016d9449a22f3e6f63b3ed) Importer(815301076,1909f56bfc062723c751e8b465ee728b)
Start importing Assets/Map Layout/Life indicator.png using Guid(7a7ffd61e2016d9449a22f3e6f63b3ed) Importer(815301076,1909f56bfc062723c751e8b465ee728b)  -> (artifact id: '532a9e3d5560f58d99ecb3c62a57e3fa') in 0.015423 seconds
  Import took 0.018044 seconds .

========================================================================
Received Import Request.
  Time since last request: 0.000189 seconds.
  path: Assets/Map Layout/T Junction 2.prefab
  artifactKey: Guid(55201551faccb8840be6620d8de3f228) Importer(815301076,1909f56bfc062723c751e8b465ee728b)
Start importing Assets/Map Layout/T Junction 2.prefab using Guid(55201551faccb8840be6620d8de3f228) Importer(815301076,1909f56bfc062723c751e8b465ee728b)  -> (artifact id: '389d3cd30b48b7feede705573fc36470') in 0.012249 seconds
  Import took 0.019912 seconds .

========================================================================
Received Prepare
Registering precompiled user dll's ...
Registered in 0.000597 seconds.
Begin MonoManager ReloadAssembly
Native extension for WindowsStandalone target not found
Native extension for WebGL target not found
Refreshing native plugins compatible for Editor in 0.19 ms, found 0 plugins.
Preloading 0 native plugins for Editor in 0.00 ms.
Invoked RoslynAnalysisRunner static constructor.
RoslynAnalysisRunner will not be running.
RoslynAnalysisRunner has terminated.
Mono: successfully reloaded assembly
- Completed reload, in  0.704 seconds
Platform modules already initialized, skipping
Refreshing native plugins compatible for Editor in 0.19 ms, found 0 plugins.
Preloading 0 native plugins for Editor in 0.00 ms.
Unloading 1134 Unused Serialized files (Serialized files now loaded: 0)
System memory in use before: 62.4 MB.
System memory in use after: 62.5 MB.

Unloading 5 unused Assets to reduce memory usage. Loaded Objects now: 1719.
Total: 1.783100 ms (FindLiveObjects: 0.120600 ms CreateObjectMapping: 0.038300 ms MarkObjects: 1.541600 ms  DeleteObjects: 0.081900 ms)

========================================================================
Received Import Request.
  Time since last request: 69.135751 seconds.
  path: Assets/Map Layout/Power Pellet flashing.png
  artifactKey: Guid(222b2bee8b56ed44cbb96820b54f3111) Importer(815301076,1909f56bfc062723c751e8b465ee728b)
Start importing Assets/Map Layout/Power Pellet flashing.png using Guid(222b2bee8b56ed44cbb96820b54f3111) Importer(815301076,1909f56bfc062723c751e8b465ee728b)  -> (artifact id: '3b600f830995b3b612cafc3b0206fc66') in 0.069044 seconds
  Import took 0.080560 seconds .

========================================================================
Received Import Request.
  Time since last request: 12.781223 seconds.
  path: Assets/Map Layout/Power Pellet flashing_0.prefab
  artifactKey: Guid(365a1e613160c564b9cb359be2bb7677) Importer(815301076,1909f56bfc062723c751e8b465ee728b)
Start importing Assets/Map Layout/Power Pellet flashing_0.prefab using Guid(365a1e613160c564b9cb359be2bb7677) Importer(815301076,1909f56bfc062723c751e8b465ee728b)  -> (artifact id: 'd85f5fd94c525559c61132bd2284649b') in 0.045951 seconds
  Import took 0.049334 seconds .

========================================================================
Received Import Request.
  Time since last request: 11.155030 seconds.
  path: Assets/Map Layout/Normal Pellet.prefab
  artifactKey: Guid(82862bcaf19e598479bd65f30473e8c0) Importer(815301076,1909f56bfc062723c751e8b465ee728b)
Start importing Assets/Map Layout/Normal Pellet.prefab using Guid(82862bcaf19e598479bd65f30473e8c0) Importer(815301076,1909f56bfc062723c751e8b465ee728b)  -> (artifact id: '4bffd81151bf7d9bfb9efa1cde06e069') in 0.013996 seconds
  Import took 0.030353 seconds .

========================================================================
Received Import Request.
  Time since last request: 0.001329 seconds.
  path: Assets/Map Layout/Normal Pellet.prefab
  artifactKey: Guid(82862bcaf19e598479bd65f30473e8c0) Importer(815301076,1909f56bfc062723c751e8b465ee728b)
Start importing Assets/Map Layout/Normal Pellet.prefab using Guid(82862bcaf19e598479bd65f30473e8c0) Importer(815301076,1909f56bfc062723c751e8b465ee728b)  -> (artifact id: '4bffd81151bf7d9bfb9efa1cde06e069') in 0.008953 seconds
  Import took 0.011725 seconds .

========================================================================
Received Import Request.
  Time since last request: 41.248512 seconds.
  path: Assets/Map Layout/Walls and Corners_0.prefab
  artifactKey: Guid(af8e336eac8447742b329c518f8f6517) Importer(815301076,1909f56bfc062723c751e8b465ee728b)
Start importing Assets/Map Layout/Walls and Corners_0.prefab using Guid(af8e336eac8447742b329c518f8f6517) Importer(815301076,1909f56bfc062723c751e8b465ee728b)  -> (artifact id: 'c6a5b7062e53efd3acf221dd7ec7903a') in 0.015878 seconds
  Import took 0.034238 seconds .

========================================================================
Received Import Request.
  Time since last request: 1.365549 seconds.
  path: Assets/Map Layout/Walls and Corners_1.prefab
  artifactKey: Guid(f7881aff1fbb69e49a8ded9740b3f567) Importer(815301076,1909f56bfc062723c751e8b465ee728b)
Start importing Assets/Map Layout/Walls and Corners_1.prefab using Guid(f7881aff1fbb69e49a8ded9740b3f567) Importer(815301076,1909f56bfc062723c751e8b465ee728b)  -> (artifact id: '85c7122a9c18ce41fd1ff44274068284') in 0.012029 seconds
  Import took 0.014611 seconds .

========================================================================
Received Import Request.
  Time since last request: 1.420436 seconds.
  path: Assets/Map Layout/Walls and Corners_3.prefab
  artifactKey: Guid(e53f4fe32a65a184299fce8e9e675696) Importer(815301076,1909f56bfc062723c751e8b465ee728b)
Start importing Assets/Map Layout/Walls and Corners_3.prefab using Guid(e53f4fe32a65a184299fce8e9e675696) Importer(815301076,1909f56bfc062723c751e8b465ee728b)  -> (artifact id: '2c8febba29f83df80813facdd38b6469') in 0.013284 seconds
  Import took 0.016861 seconds .

========================================================================
Received Import Request.
  Time since last request: 1.360950 seconds.
  path: Assets/Map Layout/Walls and Corners_2.prefab
  artifactKey: Guid(0eb9b632d0731f943b2236a542314d6d) Importer(815301076,1909f56bfc062723c751e8b465ee728b)
Start importing Assets/Map Layout/Walls and Corners_2.prefab using Guid(0eb9b632d0731f943b2236a542314d6d) Importer(815301076,1909f56bfc062723c751e8b465ee728b)  -> (artifact id: '4c11f6a1ca33289402b9cf5ce56de472') in 0.011806 seconds
  Import took 0.014469 seconds .

========================================================================
Received Prepare
Trying to reload asset but can't find object on disk

Trying to reload asset but can't find object on disk

Trying to reload asset but can't find object on disk

Trying to reload asset but can't find object on disk

Trying to reload asset but can't find object on disk

Trying to reload asset but can't find object on disk

Trying to reload asset but can't find object on disk

Trying to reload asset but can't find object on disk

Trying to reload asset but can't find object on disk

Trying to reload asset but can't find object on disk

Trying to reload asset but can't find object on disk

Trying to reload asset but can't find object on disk

Trying to reload asset but can't find object on disk

Trying to reload asset but can't find object on disk

Trying to reload asset but can't find object on disk

Trying to reload asset but can't find object on disk

Trying to reload asset but can't find object on disk

Trying to reload asset but can't find object on disk

Registering precompiled user dll's ...
Registered in 0.000623 seconds.
Begin MonoManager ReloadAssembly
Native extension for WindowsStandalone target not found
Native extension for WebGL target not found
Refreshing native plugins compatible for Editor in 0.19 ms, found 0 plugins.
Preloading 0 native plugins for Editor in 0.00 ms.
Invoked RoslynAnalysisRunner static constructor.
RoslynAnalysisRunner will not be running.
RoslynAnalysisRunner has terminated.
Mono: successfully reloaded assembly
- Completed reload, in  0.763 seconds
Platform modules already initialized, skipping
Refreshing native plugins compatible for Editor in 0.31 ms, found 0 plugins.
Preloading 0 native plugins for Editor in 0.00 ms.
Unloading 1099 Unused Serialized files (Serialized files now loaded: 0)
System memory in use before: 61.7 MB.
System memory in use after: 61.8 MB.

Unloading 6 unused Assets to reduce memory usage. Loaded Objects now: 1721.
Total: 2.049900 ms (FindLiveObjects: 0.242800 ms CreateObjectMapping: 0.050500 ms MarkObjects: 1.682200 ms  DeleteObjects: 0.072000 ms)

========================================================================
Received Prepare
The file 'ProjectSettings/VFXManager.asset' seems to have merge conflicts. Please open it in a text editor and fix the merge.

Trying to reload asset but can't find object on disk

Unexpected node type.

Registering precompiled user dll's ...
Registered in 0.000632 seconds.
Begin MonoManager ReloadAssembly
Native extension for WindowsStandalone target not found
Native extension for WebGL target not found
Refreshing native plugins compatible for Editor in 0.23 ms, found 0 plugins.
Preloading 0 native plugins for Editor in 0.00 ms.
Invoked RoslynAnalysisRunner static constructor.
RoslynAnalysisRunner will not be running.
RoslynAnalysisRunner has terminated.
Mono: successfully reloaded assembly
- Completed reload, in  0.696 seconds
Platform modules already initialized, skipping
Refreshing native plugins compatible for Editor in 0.20 ms, found 0 plugins.
Preloading 0 native plugins for Editor in 0.00 ms.
Unloading 1100 Unused Serialized files (Serialized files now loaded: 0)
System memory in use before: 61.7 MB.
System memory in use after: 61.8 MB.

Unloading 5 unused Assets to reduce memory usage. Loaded Objects now: 1724.
Total: 1.557800 ms (FindLiveObjects: 0.201500 ms CreateObjectMapping: 0.039100 ms MarkObjects: 1.255200 ms  DeleteObjects: 0.060400 ms)

========================================================================
Received Import Request.
  Time since last request: 577.498101 seconds.
  path: Assets/Scenes/SampleScene.unity
  artifactKey: Guid(2cda990e2423bbf4892e6590ba056729) Importer(815301076,1909f56bfc062723c751e8b465ee728b)
Start importing Assets/Scenes/SampleScene.unity using Guid(2cda990e2423bbf4892e6590ba056729) Importer(815301076,1909f56bfc062723c751e8b465ee728b)  -> (artifact id: '086147a851c3e917eafa63a28aba868d') in 0.012969 seconds
  Import took 0.015378 seconds .

========================================================================
Received Import Request.
  Time since last request: 5.148815 seconds.
  path: Assets/Scripts/LevelGenerator.cs
  artifactKey: Guid(734d6612a1f0c2f4ca2c834edac045f8) Importer(815301076,1909f56bfc062723c751e8b465ee728b)
Start importing Assets/Scripts/LevelGenerator.cs using Guid(734d6612a1f0c2f4ca2c834edac045f8) Importer(815301076,1909f56bfc062723c751e8b465ee728b)  -> (artifact id: 'b0b6451332659661a54d731bfc5304e1') in 0.007871 seconds
  Import took 0.021877 seconds .

========================================================================
Received Import Request.
  Time since last request: 0.015076 seconds.
  path: Assets/Scripts/LevelGenerator.cs
  artifactKey: Guid(734d6612a1f0c2f4ca2c834edac045f8) Importer(815301076,1909f56bfc062723c751e8b465ee728b)
Start importing Assets/Scripts/LevelGenerator.cs using Guid(734d6612a1f0c2f4ca2c834edac045f8) Importer(815301076,1909f56bfc062723c751e8b465ee728b)  -> (artifact id: 'b0b6451332659661a54d731bfc5304e1') in 0.001740 seconds
  Import took 0.004109 seconds .

========================================================================
Received Import Request.
  Time since last request: 100.969866 seconds.
  path: Assets/Map Layout/Normal Pellet.prefab
  artifactKey: Guid(82862bcaf19e598479bd65f30473e8c0) Importer(815301076,1909f56bfc062723c751e8b465ee728b)
Start importing Assets/Map Layout/Normal Pellet.prefab using Guid(82862bcaf19e598479bd65f30473e8c0) Importer(815301076,1909f56bfc062723c751e8b465ee728b)  -> (artifact id: '3faf3d87a10d10186fdf75520c31a9cd') in 0.045292 seconds
  Import took 0.048340 seconds .

========================================================================
Received Import Request.
  Time since last request: 0.000285 seconds.
  path: Assets/Map Layout/Power Pellet flashing_0.prefab
  artifactKey: Guid(365a1e613160c564b9cb359be2bb7677) Importer(815301076,1909f56bfc062723c751e8b465ee728b)
Start importing Assets/Map Layout/Power Pellet flashing_0.prefab using Guid(365a1e613160c564b9cb359be2bb7677) Importer(815301076,1909f56bfc062723c751e8b465ee728b)  -> (artifact id: 'b2dab6f51040dc47b0ed06da998a3086') in 0.013627 seconds
  Import took 0.025381 seconds .

========================================================================
Received Import Request.
  Time since last request: 0.000276 seconds.
  path: Assets/Map Layout/Power Pellet flashing.png
  artifactKey: Guid(222b2bee8b56ed44cbb96820b54f3111) Importer(815301076,1909f56bfc062723c751e8b465ee728b)
Start importing Assets/Map Layout/Power Pellet flashing.png using Guid(222b2bee8b56ed44cbb96820b54f3111) Importer(815301076,1909f56bfc062723c751e8b465ee728b)  -> (artifact id: '3df125ae06d47c6b24776d1cad1e0c12') in 0.037486 seconds
  Import took 0.044237 seconds .

========================================================================
Received Import Request.
  Time since last request: 0.000216 seconds.
  path: Assets/Map Layout/Walls and Corners_2.prefab
  artifactKey: Guid(0eb9b632d0731f943b2236a542314d6d) Importer(815301076,1909f56bfc062723c751e8b465ee728b)
Start importing Assets/Map Layout/Walls and Corners_2.prefab using Guid(0eb9b632d0731f943b2236a542314d6d) Importer(815301076,1909f56bfc062723c751e8b465ee728b)  -> (artifact id: '5c1d2b8cbde933b096241595618c6197') in 0.009193 seconds
  Import took 0.020743 seconds .

========================================================================
Received Import Request.
  Time since last request: 0.000255 seconds.
  path: Assets/Map Layout/Walls and Corners_3.prefab
  artifactKey: Guid(e53f4fe32a65a184299fce8e9e675696) Importer(815301076,1909f56bfc062723c751e8b465ee728b)
Start importing Assets/Map Layout/Walls and Corners_3.prefab using Guid(e53f4fe32a65a184299fce8e9e675696) Importer(815301076,1909f56bfc062723c751e8b465ee728b)  -> (artifact id: 'fe766b47d4e1042ea8d344a80aa21873') in 0.009634 seconds
  Import took 0.012025 seconds .

========================================================================
Received Import Request.
  Time since last request: 0.000262 seconds.
  path: Assets/Map Layout/Walls and Corners_1.prefab
  artifactKey: Guid(f7881aff1fbb69e49a8ded9740b3f567) Importer(815301076,1909f56bfc062723c751e8b465ee728b)
Start importing Assets/Map Layout/Walls and Corners_1.prefab using Guid(f7881aff1fbb69e49a8ded9740b3f567) Importer(815301076,1909f56bfc062723c751e8b465ee728b)  -> (artifact id: '0eaf73de9d5037d08ae0bb08806ddecc') in 0.011230 seconds
  Import took 0.018786 seconds .

========================================================================
Received Import Request.
  Time since last request: 0.000146 seconds.
  path: Assets/Map Layout/Walls and Corners_0.prefab
  artifactKey: Guid(af8e336eac8447742b329c518f8f6517) Importer(815301076,1909f56bfc062723c751e8b465ee728b)
Start importing Assets/Map Layout/Walls and Corners_0.prefab using Guid(af8e336eac8447742b329c518f8f6517) Importer(815301076,1909f56bfc062723c751e8b465ee728b)  -> (artifact id: '8828a462759bd47e1fd7925dc6725d05') in 0.009732 seconds
  Import took 0.012013 seconds .

========================================================================
Received Prepare
Registering precompiled user dll's ...
Registered in 0.000602 seconds.
Begin MonoManager ReloadAssembly
Native extension for WindowsStandalone target not found
Native extension for WebGL target not found
Refreshing native plugins compatible for Editor in 0.23 ms, found 0 plugins.
Preloading 0 native plugins for Editor in 0.00 ms.
Invoked RoslynAnalysisRunner static constructor.
RoslynAnalysisRunner will not be running.
RoslynAnalysisRunner has terminated.
Mono: successfully reloaded assembly
- Completed reload, in  0.708 seconds
Platform modules already initialized, skipping
Refreshing native plugins compatible for Editor in 0.18 ms, found 0 plugins.
Preloading 0 native plugins for Editor in 0.00 ms.
Unloading 1100 Unused Serialized files (Serialized files now loaded: 0)
System memory in use before: 61.7 MB.
System memory in use after: 61.8 MB.

Unloading 5 unused Assets to reduce memory usage. Loaded Objects now: 1727.
Total: 1.558900 ms (FindLiveObjects: 0.128900 ms CreateObjectMapping: 0.033000 ms MarkObjects: 1.315200 ms  DeleteObjects: 0.080900 ms)

========================================================================
Received Import Request.
  Time since last request: 52.096555 seconds.
  path: Assets/Sprites/Pacman_0.prefab
  artifactKey: Guid(8dc28c2a2b0e77c4995c4671b14d95d7) Importer(815301076,1909f56bfc062723c751e8b465ee728b)
Start importing Assets/Sprites/Pacman_0.prefab using Guid(8dc28c2a2b0e77c4995c4671b14d95d7) Importer(815301076,1909f56bfc062723c751e8b465ee728b)  -> (artifact id: '7a6e5ce4829d2b43fad5f68dc8b96c85') in 0.066556 seconds
  Import took 0.069521 seconds .

========================================================================
Received Import Request.
  Time since last request: 50.344982 seconds.
  path: Assets/Audio Clips/Eating-Pellet.mp3
  artifactKey: Guid(83c409f340bb150468b69d81e8238b6e) Importer(815301076,1909f56bfc062723c751e8b465ee728b)
Start importing Assets/Audio Clips/Eating-Pellet.mp3 using Guid(83c409f340bb150468b69d81e8238b6e) Importer(815301076,1909f56bfc062723c751e8b465ee728b)  -> (artifact id: '1ce1c8aa2acf8c6bc76afb93922e680a') in 0.073842 seconds
  Import took 0.076692 seconds .

========================================================================
Received Import Request.
  Time since last request: 0.000388 seconds.
  path: Assets/Audio Clips/Hit-wall.mp3
  artifactKey: Guid(77118719d95249346bc75c0807576e95) Importer(815301076,1909f56bfc062723c751e8b465ee728b)
Start importing Assets/Audio Clips/Hit-wall.mp3 using Guid(77118719d95249346bc75c0807576e95) Importer(815301076,1909f56bfc062723c751e8b465ee728b)  -> (artifact id: 'd4c0159f059c3c7af4f637ed103b3299') in 0.014419 seconds
  Import took 0.016715 seconds .

========================================================================
Received Import Request.
  Time since last request: 0.000244 seconds.
  path: Assets/Audio Clips/Ghost Scared State.mp3
  artifactKey: Guid(0f8ab41f38014ce4bb6a86a889accd03) Importer(815301076,1909f56bfc062723c751e8b465ee728b)
Start importing Assets/Audio Clips/Ghost Scared State.mp3 using Guid(0f8ab41f38014ce4bb6a86a889accd03) Importer(815301076,1909f56bfc062723c751e8b465ee728b)  -> (artifact id: '22cb3752003836b95a6e6920e318afef') in 0.015442 seconds
  Import took 0.018948 seconds .

========================================================================
Received Import Request.
  Time since last request: 0.000225 seconds.
  path: Assets/Audio Clips/Pacman Death.mp3
  artifactKey: Guid(8ec0bc272ea6ad24cb5fb16c49c354cf) Importer(815301076,1909f56bfc062723c751e8b465ee728b)
Start importing Assets/Audio Clips/Pacman Death.mp3 using Guid(8ec0bc272ea6ad24cb5fb16c49c354cf) Importer(815301076,1909f56bfc062723c751e8b465ee728b)  -> (artifact id: '1baa61a94767c83138b6562a95cc15d0') in 0.013827 seconds
  Import took 0.016817 seconds .

========================================================================
Received Import Request.
  Time since last request: 0.000216 seconds.
  path: Assets/Audio Clips/Intro-Song.mp3
  artifactKey: Guid(b231866a46735cb429d0c945e551581e) Importer(815301076,1909f56bfc062723c751e8b465ee728b)
Start importing Assets/Audio Clips/Intro-Song.mp3 using Guid(b231866a46735cb429d0c945e551581e) Importer(815301076,1909f56bfc062723c751e8b465ee728b)  -> (artifact id: 'c5981d984e69713e6b607e643a740825') in 0.013393 seconds
  Import took 0.015743 seconds .

========================================================================
Received Import Request.
  Time since last request: 0.000236 seconds.
  path: Assets/Audio Clips/Ghost Normal State.mp3
  artifactKey: Guid(1e739ebe778a69b4fbfe3ef0e75ae308) Importer(815301076,1909f56bfc062723c751e8b465ee728b)
Start importing Assets/Audio Clips/Ghost Normal State.mp3 using Guid(1e739ebe778a69b4fbfe3ef0e75ae308) Importer(815301076,1909f56bfc062723c751e8b465ee728b)  -> (artifact id: '744cf99bbb1a02e5bf2a013fe8494ae4') in 0.011098 seconds
  Import took 0.013217 seconds .

========================================================================
Received Import Request.
  Time since last request: 0.000187 seconds.
  path: Assets/Audio Clips/Not-eating.mp3
  artifactKey: Guid(86ed2dbdd16ddce4281aa1defea24bbc) Importer(815301076,1909f56bfc062723c751e8b465ee728b)
Start importing Assets/Audio Clips/Not-eating.mp3 using Guid(86ed2dbdd16ddce4281aa1defea24bbc) Importer(815301076,1909f56bfc062723c751e8b465ee728b)  -> (artifact id: '238f9ee47de0787d148dbc0ed000e24c') in 0.010146 seconds
  Import took 0.030275 seconds .

========================================================================
Received Import Request.
  Time since last request: 0.000179 seconds.
  path: Assets/Audio Clips/Ghost Death.mp3
  artifactKey: Guid(70a73913c241e6b4cb7addbe823b67c9) Importer(815301076,1909f56bfc062723c751e8b465ee728b)
Start importing Assets/Audio Clips/Ghost Death.mp3 using Guid(70a73913c241e6b4cb7addbe823b67c9) Importer(815301076,1909f56bfc062723c751e8b465ee728b)  -> (artifact id: 'c40b3f7bea531742d2e7c0bb3f6f213d') in 0.012545 seconds
  Import took 0.015230 seconds .

========================================================================
Received Prepare
Registering precompiled user dll's ...
Registered in 0.000956 seconds.
Begin MonoManager ReloadAssembly
Native extension for WindowsStandalone target not found
Native extension for WebGL target not found
Refreshing native plugins compatible for Editor in 0.19 ms, found 0 plugins.
Preloading 0 native plugins for Editor in 0.00 ms.
Invoked RoslynAnalysisRunner static constructor.
RoslynAnalysisRunner will not be running.
RoslynAnalysisRunner has terminated.
Mono: successfully reloaded assembly
- Completed reload, in  0.708 seconds
Platform modules already initialized, skipping
Refreshing native plugins compatible for Editor in 0.18 ms, found 0 plugins.
Preloading 0 native plugins for Editor in 0.00 ms.
Unloading 1100 Unused Serialized files (Serialized files now loaded: 0)
System memory in use before: 61.8 MB.
System memory in use after: 61.9 MB.

Unloading 5 unused Assets to reduce memory usage. Loaded Objects now: 1732.
Total: 1.704600 ms (FindLiveObjects: 0.197200 ms CreateObjectMapping: 0.039200 ms MarkObjects: 1.384100 ms  DeleteObjects: 0.083100 ms)

========================================================================
Received Prepare
Registering precompiled user dll's ...
Registered in 0.001033 seconds.
Begin MonoManager ReloadAssembly
Native extension for WindowsStandalone target not found
Native extension for WebGL target not found
Refreshing native plugins compatible for Editor in 0.19 ms, found 0 plugins.
Preloading 0 native plugins for Editor in 0.00 ms.
Invoked RoslynAnalysisRunner static constructor.
RoslynAnalysisRunner will not be running.
RoslynAnalysisRunner has terminated.
Mono: successfully reloaded assembly
- Completed reload, in  0.750 seconds
Platform modules already initialized, skipping
Refreshing native plugins compatible for Editor in 0.21 ms, found 0 plugins.
Preloading 0 native plugins for Editor in 0.00 ms.
Unloading 1100 Unused Serialized files (Serialized files now loaded: 0)
System memory in use before: 61.8 MB.
System memory in use after: 61.9 MB.

Unloading 5 unused Assets to reduce memory usage. Loaded Objects now: 1734.
Total: 2.402700 ms (FindLiveObjects: 0.158100 ms CreateObjectMapping: 0.046000 ms MarkObjects: 2.118600 ms  DeleteObjects: 0.077700 ms)

========================================================================
Received Import Request.
  Time since last request: 169.631827 seconds.
  path: Assets/Scripts/LevelGenerator.cs
  artifactKey: Guid(734d6612a1f0c2f4ca2c834edac045f8) Importer(815301076,1909f56bfc062723c751e8b465ee728b)
Start importing Assets/Scripts/LevelGenerator.cs using Guid(734d6612a1f0c2f4ca2c834edac045f8) Importer(815301076,1909f56bfc062723c751e8b465ee728b)  -> (artifact id: 'dafe221c19e9b5412bac9e44f6ff1a14') in 0.004383 seconds
  Import took 0.006736 seconds .

========================================================================
Received Import Request.
  Time since last request: 0.023533 seconds.
  path: Assets/Scripts/LevelGenerator.cs
  artifactKey: Guid(734d6612a1f0c2f4ca2c834edac045f8) Importer(815301076,1909f56bfc062723c751e8b465ee728b)
Start importing Assets/Scripts/LevelGenerator.cs using Guid(734d6612a1f0c2f4ca2c834edac045f8) Importer(815301076,1909f56bfc062723c751e8b465ee728b)  -> (artifact id: 'dafe221c19e9b5412bac9e44f6ff1a14') in 0.002092 seconds
  Import took 0.003969 seconds .

========================================================================
Received Prepare
Registering precompiled user dll's ...
Registered in 0.000783 seconds.
Begin MonoManager ReloadAssembly
Native extension for WindowsStandalone target not found
Native extension for WebGL target not found
Refreshing native plugins compatible for Editor in 0.19 ms, found 0 plugins.
Preloading 0 native plugins for Editor in 0.00 ms.
Invoked RoslynAnalysisRunner static constructor.
RoslynAnalysisRunner will not be running.
RoslynAnalysisRunner has terminated.
Mono: successfully reloaded assembly
- Completed reload, in  0.729 seconds
Platform modules already initialized, skipping
Refreshing native plugins compatible for Editor in 0.19 ms, found 0 plugins.
Preloading 0 native plugins for Editor in 0.00 ms.
Unloading 1100 Unused Serialized files (Serialized files now loaded: 0)
System memory in use before: 61.8 MB.
System memory in use after: 61.9 MB.

Unloading 5 unused Assets to reduce memory usage. Loaded Objects now: 1736.
Total: 1.746100 ms (FindLiveObjects: 0.145300 ms CreateObjectMapping: 0.126000 ms MarkObjects: 1.397500 ms  DeleteObjects: 0.075900 ms)

========================================================================
Received Import Request.
  Time since last request: 45.460162 seconds.
  path: Assets/Map Layout/Walls and Corners_0.prefab
  artifactKey: Guid(af8e336eac8447742b329c518f8f6517) Importer(815301076,1909f56bfc062723c751e8b465ee728b)
Start importing Assets/Map Layout/Walls and Corners_0.prefab using Guid(af8e336eac8447742b329c518f8f6517) Importer(815301076,1909f56bfc062723c751e8b465ee728b)  -> (artifact id: '4fcb03cf0a3eba84f8f8001c8a7d80fd') in 0.050071 seconds
  Import took 0.052511 seconds .

========================================================================
Received Prepare
Registering precompiled user dll's ...
Registered in 0.000829 seconds.
Begin MonoManager ReloadAssembly
Native extension for WindowsStandalone target not found
Native extension for WebGL target not found
Refreshing native plugins compatible for Editor in 0.24 ms, found 0 plugins.
Preloading 0 native plugins for Editor in 0.00 ms.
Invoked RoslynAnalysisRunner static constructor.
RoslynAnalysisRunner will not be running.
RoslynAnalysisRunner has terminated.
Mono: successfully reloaded assembly
- Completed reload, in  0.728 seconds
Platform modules already initialized, skipping
Refreshing native plugins compatible for Editor in 0.18 ms, found 0 plugins.
Preloading 0 native plugins for Editor in 0.00 ms.
Unloading 1100 Unused Serialized files (Serialized files now loaded: 0)
System memory in use before: 61.9 MB.
System memory in use after: 61.9 MB.

Unloading 5 unused Assets to reduce memory usage. Loaded Objects now: 1739.
Total: 1.771200 ms (FindLiveObjects: 0.128700 ms CreateObjectMapping: 0.032800 ms MarkObjects: 1.528100 ms  DeleteObjects: 0.081100 ms)

AssetImportWorkerClient::OnTransportError - code=2 error=End of file
