Using pre-set license
Built from '2020.2/release' branch; Version is '2020.2.4f1 (becced5a802b) revision 12504301'; Using compiler version '192528614'; Build Type 'Release'
OS: 'Windows 10 Pro; OS build 19042.1237; Version 2009; 64bit' Language: 'en' Physical Memory: 8154 MB
BatchMode: 1, IsHumanControllingUs: 0, StartBugReporterOnCrash: 0, Is64bit: 1, IsPro: 0

 COMMAND LINE ARGUMENTS:
D:\Editor\2020.2.4f1\Editor\Unity.exe
-adb2
-batchMode
-noUpm
-name
AssetImportWorker0
-projectPath
D:/4 Classes/Introduction to Computer Game Development/Assessment 3/13756818_Assess3/Assessment3 Pacman
-logFile
Logs/AssetImportWorker0.log
-srvPort
55129
Successfully changed project path to: D:/4 Classes/Introduction to Computer Game Development/Assessment 3/13756818_Assess3/Assessment3 Pacman
D:/4 Classes/Introduction to Computer Game Development/Assessment 3/13756818_Assess3/Assessment3 Pacman
Using Asset Import Pipeline V2.
Refreshing native plugins compatible for Editor in 34.67 ms, found 0 plugins.
Preloading 0 native plugins for Editor in 0.00 ms.
Initialize engine version: 2020.2.4f1 (becced5a802b)
[Subsystems] Discovering subsystems at path D:/Editor/2020.2.4f1/Editor/Data/Resources/UnitySubsystems
[Subsystems] Discovering subsystems at path D:/4 Classes/Introduction to Computer Game Development/Assessment 3/13756818_Assess3/Assessment3 Pacman/Assets
GfxDevice: creating device client; threaded=0
Direct3D:
    Version:  Direct3D 11.0 [level 11.1]
    Renderer: NVIDIA GeForce GTX 1070 (ID=0x1b81)
    Vendor:   
    VRAM:     8088 MB
    Driver:   27.21.14.6172
Initialize mono
Mono path[0] = 'D:/Editor/2020.2.4f1/Editor/Data/Managed'
Mono path[1] = 'D:/Editor/2020.2.4f1/Editor/Data/MonoBleedingEdge/lib/mono/unityjit'
Mono config path = 'D:/Editor/2020.2.4f1/Editor/Data/MonoBleedingEdge/etc'
Using monoOptions --debugger-agent=transport=dt_socket,embedding=1,server=y,suspend=n,address=127.0.0.1:56248
Begin MonoManager ReloadAssembly
Registering precompiled unity dll's ...
Register platform support module: D:/Editor/2020.2.4f1/Editor/Data/PlaybackEngines/WebGLSupport/UnityEditor.WebGL.Extensions.dll
Register platform support module: D:/Editor/2020.2.4f1/Editor/Data/PlaybackEngines/WindowsStandaloneSupport/UnityEditor.WindowsStandalone.Extensions.dll
Registered in 0.001824 seconds.
Native extension for WindowsStandalone target not found
Native extension for WebGL target not found
Refreshing native plugins compatible for Editor in 30.66 ms, found 0 plugins.
Preloading 0 native plugins for Editor in 0.00 ms.
Invoked RoslynAnalysisRunner static constructor.
RoslynAnalysisRunner will not be running.
RoslynAnalysisRunner has terminated.
Mono: successfully reloaded assembly
- Completed reload, in  1.503 seconds
Platform modules already initialized, skipping
Registering precompiled user dll's ...
Registered in 0.000685 seconds.
Begin MonoManager ReloadAssembly
Native extension for WindowsStandalone target not found
Native extension for WebGL target not found
Refreshing native plugins compatible for Editor in 0.25 ms, found 0 plugins.
Preloading 0 native plugins for Editor in 0.00 ms.
Invoked RoslynAnalysisRunner static constructor.
RoslynAnalysisRunner will not be running.
RoslynAnalysisRunner has terminated.
Mono: successfully reloaded assembly
- Completed reload, in  0.980 seconds
Platform modules already initialized, skipping
========================================================================
Worker process is ready to serve import requests
Launched and connected shader compiler UnityShaderCompiler.exe after 0.08 seconds
Refreshing native plugins compatible for Editor in 0.21 ms, found 0 plugins.
Preloading 0 native plugins for Editor in 0.00 ms.
Unloading 1139 Unused Serialized files (Serialized files now loaded: 0)
System memory in use before: 58.2 MB.
System memory in use after: 58.2 MB.

Unloading 10 unused Assets to reduce memory usage. Loaded Objects now: 1580.
Total: 1.683200 ms (FindLiveObjects: 0.241700 ms CreateObjectMapping: 0.058300 ms MarkObjects: 1.312200 ms  DeleteObjects: 0.070000 ms)

========================================================================
Received Import Request.
  path: Assets/Scripts/LevelGenerator.cs
  artifactKey: Guid(734d6612a1f0c2f4ca2c834edac045f8) Importer(815301076,1909f56bfc062723c751e8b465ee728b)
Start importing Assets/Scripts/LevelGenerator.cs using Guid(734d6612a1f0c2f4ca2c834edac045f8) Importer(815301076,1909f56bfc062723c751e8b465ee728b)  -> (artifact id: '2d99dd3150145baafb668f657baac6cd') in 0.172097 seconds
  Import took 0.255526 seconds .

========================================================================
Received Prepare
Registering precompiled user dll's ...
Registered in 0.000897 seconds.
Begin MonoManager ReloadAssembly
Native extension for WindowsStandalone target not found
Native extension for WebGL target not found
Refreshing native plugins compatible for Editor in 0.42 ms, found 0 plugins.
Preloading 0 native plugins for Editor in 0.00 ms.
Invoked RoslynAnalysisRunner static constructor.
RoslynAnalysisRunner will not be running.
RoslynAnalysisRunner has terminated.
Mono: successfully reloaded assembly
- Completed reload, in  0.789 seconds
Platform modules already initialized, skipping
Refreshing native plugins compatible for Editor in 0.28 ms, found 0 plugins.
Preloading 0 native plugins for Editor in 0.00 ms.
Unloading 1134 Unused Serialized files (Serialized files now loaded: 0)
System memory in use before: 58.1 MB.
System memory in use after: 58.2 MB.

Unloading 5 unused Assets to reduce memory usage. Loaded Objects now: 1582.
Total: 1.642100 ms (FindLiveObjects: 0.150300 ms CreateObjectMapping: 0.033700 ms MarkObjects: 1.377000 ms  DeleteObjects: 0.079800 ms)

========================================================================
Received Prepare
Registering precompiled user dll's ...
Registered in 0.001068 seconds.
Begin MonoManager ReloadAssembly
Native extension for WindowsStandalone target not found
Native extension for WebGL target not found
Refreshing native plugins compatible for Editor in 0.20 ms, found 0 plugins.
Preloading 0 native plugins for Editor in 0.00 ms.
Invoked RoslynAnalysisRunner static constructor.
RoslynAnalysisRunner will not be running.
RoslynAnalysisRunner has terminated.
Mono: successfully reloaded assembly
- Completed reload, in  0.835 seconds
Platform modules already initialized, skipping
Refreshing native plugins compatible for Editor in 0.20 ms, found 0 plugins.
Preloading 0 native plugins for Editor in 0.00 ms.
Unloading 1134 Unused Serialized files (Serialized files now loaded: 0)
System memory in use before: 58.1 MB.
System memory in use after: 58.2 MB.

Unloading 5 unused Assets to reduce memory usage. Loaded Objects now: 1584.
Total: 1.837600 ms (FindLiveObjects: 0.263600 ms CreateObjectMapping: 0.109000 ms MarkObjects: 1.418300 ms  DeleteObjects: 0.044700 ms)

========================================================================
Received Prepare
Registering precompiled user dll's ...
Registered in 0.000725 seconds.
Begin MonoManager ReloadAssembly
Native extension for WindowsStandalone target not found
Native extension for WebGL target not found
Refreshing native plugins compatible for Editor in 0.24 ms, found 0 plugins.
Preloading 0 native plugins for Editor in 0.00 ms.
Invoked RoslynAnalysisRunner static constructor.
RoslynAnalysisRunner will not be running.
RoslynAnalysisRunner has terminated.
Mono: successfully reloaded assembly
- Completed reload, in  0.780 seconds
Platform modules already initialized, skipping
Refreshing native plugins compatible for Editor in 0.22 ms, found 0 plugins.
Preloading 0 native plugins for Editor in 0.00 ms.
Unloading 1134 Unused Serialized files (Serialized files now loaded: 0)
System memory in use before: 58.1 MB.
System memory in use after: 58.2 MB.

Unloading 5 unused Assets to reduce memory usage. Loaded Objects now: 1586.
Total: 1.832200 ms (FindLiveObjects: 0.266300 ms CreateObjectMapping: 0.074800 ms MarkObjects: 1.447200 ms  DeleteObjects: 0.042300 ms)

========================================================================
Received Import Request.
  Time since last request: 226.852898 seconds.
  path: Assets/Map Layout/T Junction 2 (5).prefab
  artifactKey: Guid(e18271042ba8f69449658df32505b1c0) Importer(815301076,1909f56bfc062723c751e8b465ee728b)
Start importing Assets/Map Layout/T Junction 2 (5).prefab using Guid(e18271042ba8f69449658df32505b1c0) Importer(815301076,1909f56bfc062723c751e8b465ee728b)  -> (artifact id: 'f8b211fd96bd84000fcd0cc21e0f124b') in 0.243449 seconds
  Import took 0.268718 seconds .

========================================================================
Received Import Request.
  Time since last request: 0.004081 seconds.
  path: Assets/Map Layout/T Junction 2 (5).prefab
  artifactKey: Guid(e18271042ba8f69449658df32505b1c0) Importer(815301076,1909f56bfc062723c751e8b465ee728b)
Start importing Assets/Map Layout/T Junction 2 (5).prefab using Guid(e18271042ba8f69449658df32505b1c0) Importer(815301076,1909f56bfc062723c751e8b465ee728b)  -> (artifact id: 'f8b211fd96bd84000fcd0cc21e0f124b') in 0.008586 seconds
  Import took 0.010805 seconds .

========================================================================
Received Prepare
Registering precompiled user dll's ...
Registered in 0.000683 seconds.
Begin MonoManager ReloadAssembly
Native extension for WindowsStandalone target not found
Native extension for WebGL target not found
Refreshing native plugins compatible for Editor in 0.20 ms, found 0 plugins.
Preloading 0 native plugins for Editor in 0.00 ms.
Invoked RoslynAnalysisRunner static constructor.
RoslynAnalysisRunner will not be running.
RoslynAnalysisRunner has terminated.
Mono: successfully reloaded assembly
- Completed reload, in  0.747 seconds
Platform modules already initialized, skipping
Refreshing native plugins compatible for Editor in 0.19 ms, found 0 plugins.
Preloading 0 native plugins for Editor in 0.00 ms.
Unloading 1134 Unused Serialized files (Serialized files now loaded: 0)
System memory in use before: 61.3 MB.
System memory in use after: 61.3 MB.

Unloading 5 unused Assets to reduce memory usage. Loaded Objects now: 1595.
Total: 1.684400 ms (FindLiveObjects: 0.138700 ms CreateObjectMapping: 0.031700 ms MarkObjects: 1.471500 ms  DeleteObjects: 0.041200 ms)

========================================================================
Received Import Request.
  Time since last request: 13.202807 seconds.
  path: Assets/Map Layout/T Junction 2 (5).prefab
  artifactKey: Guid(e18271042ba8f69449658df32505b1c0) Importer(815301076,1909f56bfc062723c751e8b465ee728b)
Start importing Assets/Map Layout/T Junction 2 (5).prefab using Guid(e18271042ba8f69449658df32505b1c0) Importer(815301076,1909f56bfc062723c751e8b465ee728b)  -> (artifact id: 'e119c198fda28d772ef85a55fd6aff5d') in 0.052598 seconds
  Import took 0.055084 seconds .

========================================================================
Received Prepare
Registering precompiled user dll's ...
Registered in 0.001460 seconds.
Begin MonoManager ReloadAssembly
Native extension for WindowsStandalone target not found
Native extension for WebGL target not found
Refreshing native plugins compatible for Editor in 0.25 ms, found 0 plugins.
Preloading 0 native plugins for Editor in 0.00 ms.
Invoked RoslynAnalysisRunner static constructor.
RoslynAnalysisRunner will not be running.
RoslynAnalysisRunner has terminated.
Mono: successfully reloaded assembly
- Completed reload, in  0.747 seconds
Platform modules already initialized, skipping
Refreshing native plugins compatible for Editor in 0.21 ms, found 0 plugins.
Preloading 0 native plugins for Editor in 0.00 ms.
Unloading 1134 Unused Serialized files (Serialized files now loaded: 0)
System memory in use before: 61.3 MB.
System memory in use after: 61.4 MB.

Unloading 5 unused Assets to reduce memory usage. Loaded Objects now: 1598.
Total: 1.361300 ms (FindLiveObjects: 0.120300 ms CreateObjectMapping: 0.034600 ms MarkObjects: 1.162400 ms  DeleteObjects: 0.043100 ms)

========================================================================
Received Import Request.
  Time since last request: 64.366701 seconds.
  path: Assets/Map Layout/T Junction 2 (5).prefab
  artifactKey: Guid(e18271042ba8f69449658df32505b1c0) Importer(815301076,1909f56bfc062723c751e8b465ee728b)
Start importing Assets/Map Layout/T Junction 2 (5).prefab using Guid(e18271042ba8f69449658df32505b1c0) Importer(815301076,1909f56bfc062723c751e8b465ee728b)  -> (artifact id: '3b781c4533870833a8e5c8e7d5e92e3e') in 0.050895 seconds
  Import took 0.053091 seconds .

========================================================================
Received Import Request.
  Time since last request: 0.003508 seconds.
  path: Assets/Map Layout/T Junction 2 (5).prefab
  artifactKey: Guid(e18271042ba8f69449658df32505b1c0) Importer(815301076,1909f56bfc062723c751e8b465ee728b)
Start importing Assets/Map Layout/T Junction 2 (5).prefab using Guid(e18271042ba8f69449658df32505b1c0) Importer(815301076,1909f56bfc062723c751e8b465ee728b)  -> (artifact id: '3b781c4533870833a8e5c8e7d5e92e3e') in 0.008821 seconds
  Import took 0.011921 seconds .

========================================================================
Received Prepare
Registering precompiled user dll's ...
Registered in 0.001064 seconds.
Begin MonoManager ReloadAssembly
Native extension for WindowsStandalone target not found
Native extension for WebGL target not found
Refreshing native plugins compatible for Editor in 0.20 ms, found 0 plugins.
Preloading 0 native plugins for Editor in 0.00 ms.
Invoked RoslynAnalysisRunner static constructor.
RoslynAnalysisRunner will not be running.
RoslynAnalysisRunner has terminated.
Mono: successfully reloaded assembly
- Completed reload, in  0.711 seconds
Platform modules already initialized, skipping
Refreshing native plugins compatible for Editor in 0.27 ms, found 0 plugins.
Preloading 0 native plugins for Editor in 0.00 ms.
Unloading 1134 Unused Serialized files (Serialized files now loaded: 0)
System memory in use before: 61.3 MB.
System memory in use after: 61.4 MB.

Unloading 5 unused Assets to reduce memory usage. Loaded Objects now: 1601.
Total: 1.618600 ms (FindLiveObjects: 0.125400 ms CreateObjectMapping: 0.031200 ms MarkObjects: 1.385900 ms  DeleteObjects: 0.074900 ms)

========================================================================
Received Import Request.
  Time since last request: 50.851403 seconds.
  path: Assets/Map Layout/T Junction 2 (5).prefab
  artifactKey: Guid(e18271042ba8f69449658df32505b1c0) Importer(815301076,1909f56bfc062723c751e8b465ee728b)
Start importing Assets/Map Layout/T Junction 2 (5).prefab using Guid(e18271042ba8f69449658df32505b1c0) Importer(815301076,1909f56bfc062723c751e8b465ee728b)  -> (artifact id: '057a46a96d079973826ed4f61cabaf70') in 0.049574 seconds
  Import took 0.064908 seconds .

========================================================================
Received Prepare
Registering precompiled user dll's ...
Registered in 0.000728 seconds.
Begin MonoManager ReloadAssembly
Native extension for WindowsStandalone target not found
Native extension for WebGL target not found
Refreshing native plugins compatible for Editor in 0.23 ms, found 0 plugins.
Preloading 0 native plugins for Editor in 0.00 ms.
Invoked RoslynAnalysisRunner static constructor.
RoslynAnalysisRunner will not be running.
RoslynAnalysisRunner has terminated.
Mono: successfully reloaded assembly
- Completed reload, in  0.867 seconds
Platform modules already initialized, skipping
Refreshing native plugins compatible for Editor in 0.21 ms, found 0 plugins.
Preloading 0 native plugins for Editor in 0.00 ms.
Unloading 1134 Unused Serialized files (Serialized files now loaded: 0)
System memory in use before: 61.3 MB.
System memory in use after: 61.4 MB.

Unloading 5 unused Assets to reduce memory usage. Loaded Objects now: 1604.
Total: 1.909200 ms (FindLiveObjects: 0.130400 ms CreateObjectMapping: 0.041900 ms MarkObjects: 1.691600 ms  DeleteObjects: 0.044000 ms)

========================================================================
Received Prepare
Registering precompiled user dll's ...
Registered in 0.000645 seconds.
Begin MonoManager ReloadAssembly
Native extension for WindowsStandalone target not found
Native extension for WebGL target not found
Refreshing native plugins compatible for Editor in 0.19 ms, found 0 plugins.
Preloading 0 native plugins for Editor in 0.00 ms.
Invoked RoslynAnalysisRunner static constructor.
RoslynAnalysisRunner will not be running.
RoslynAnalysisRunner has terminated.
Mono: successfully reloaded assembly
- Completed reload, in  0.695 seconds
Platform modules already initialized, skipping
Refreshing native plugins compatible for Editor in 0.19 ms, found 0 plugins.
Preloading 0 native plugins for Editor in 0.00 ms.
Unloading 1134 Unused Serialized files (Serialized files now loaded: 0)
System memory in use before: 61.3 MB.
System memory in use after: 61.4 MB.

Unloading 5 unused Assets to reduce memory usage. Loaded Objects now: 1606.
Total: 1.601500 ms (FindLiveObjects: 0.128600 ms CreateObjectMapping: 0.072200 ms MarkObjects: 1.318200 ms  DeleteObjects: 0.081700 ms)

========================================================================
Received Prepare
Registering precompiled user dll's ...
Registered in 0.000865 seconds.
Begin MonoManager ReloadAssembly
Native extension for WindowsStandalone target not found
Native extension for WebGL target not found
Refreshing native plugins compatible for Editor in 0.21 ms, found 0 plugins.
Preloading 0 native plugins for Editor in 0.00 ms.
Invoked RoslynAnalysisRunner static constructor.
RoslynAnalysisRunner will not be running.
RoslynAnalysisRunner has terminated.
Mono: successfully reloaded assembly
- Completed reload, in  0.742 seconds
Platform modules already initialized, skipping
Refreshing native plugins compatible for Editor in 0.19 ms, found 0 plugins.
Preloading 0 native plugins for Editor in 0.00 ms.
Unloading 1134 Unused Serialized files (Serialized files now loaded: 0)
System memory in use before: 61.3 MB.
System memory in use after: 61.4 MB.

Unloading 5 unused Assets to reduce memory usage. Loaded Objects now: 1608.
Total: 1.603000 ms (FindLiveObjects: 0.107800 ms CreateObjectMapping: 0.030800 ms MarkObjects: 1.386500 ms  DeleteObjects: 0.077300 ms)

========================================================================
Received Prepare
Registering precompiled user dll's ...
Registered in 0.001116 seconds.
Begin MonoManager ReloadAssembly
Native extension for WindowsStandalone target not found
Native extension for WebGL target not found
Refreshing native plugins compatible for Editor in 0.21 ms, found 0 plugins.
Preloading 0 native plugins for Editor in 0.00 ms.
Invoked RoslynAnalysisRunner static constructor.
RoslynAnalysisRunner will not be running.
RoslynAnalysisRunner has terminated.
Mono: successfully reloaded assembly
- Completed reload, in  0.797 seconds
Platform modules already initialized, skipping
Refreshing native plugins compatible for Editor in 0.24 ms, found 0 plugins.
Preloading 0 native plugins for Editor in 0.00 ms.
Unloading 1134 Unused Serialized files (Serialized files now loaded: 0)
System memory in use before: 61.3 MB.
System memory in use after: 61.4 MB.

Unloading 5 unused Assets to reduce memory usage. Loaded Objects now: 1610.
Total: 2.310100 ms (FindLiveObjects: 0.246500 ms CreateObjectMapping: 0.055900 ms MarkObjects: 1.938700 ms  DeleteObjects: 0.067700 ms)

========================================================================
Received Prepare
Registering precompiled user dll's ...
Registered in 0.000844 seconds.
Begin MonoManager ReloadAssembly
Native extension for WindowsStandalone target not found
Native extension for WebGL target not found
Refreshing native plugins compatible for Editor in 0.40 ms, found 0 plugins.
Preloading 0 native plugins for Editor in 0.00 ms.
Invoked RoslynAnalysisRunner static constructor.
RoslynAnalysisRunner will not be running.
RoslynAnalysisRunner has terminated.
Mono: successfully reloaded assembly
- Completed reload, in  0.730 seconds
Platform modules already initialized, skipping
Refreshing native plugins compatible for Editor in 0.20 ms, found 0 plugins.
Preloading 0 native plugins for Editor in 0.00 ms.
Unloading 1134 Unused Serialized files (Serialized files now loaded: 0)
System memory in use before: 61.3 MB.
System memory in use after: 61.4 MB.

Unloading 5 unused Assets to reduce memory usage. Loaded Objects now: 1612.
Total: 1.542500 ms (FindLiveObjects: 0.163400 ms CreateObjectMapping: 0.034300 ms MarkObjects: 1.261700 ms  DeleteObjects: 0.082100 ms)

========================================================================
Received Import Request.
  Time since last request: 181.942015 seconds.
  path: Assets/Sprites/Ghost 1.png
  artifactKey: Guid(fff177a20bd3057459a42b6dcb624caf) Importer(815301076,1909f56bfc062723c751e8b465ee728b)
Start importing Assets/Sprites/Ghost 1.png using Guid(fff177a20bd3057459a42b6dcb624caf) Importer(815301076,1909f56bfc062723c751e8b465ee728b)  -> (artifact id: '034a1f759e6ad9ad3a7472ee251593e4') in 0.190656 seconds
  Import took 0.205086 seconds .

========================================================================
Received Import Request.
  Time since last request: 7.274379 seconds.
  path: Assets/Sprites/Ghost 1.png
  artifactKey: Guid(fff177a20bd3057459a42b6dcb624caf) Importer(815301076,1909f56bfc062723c751e8b465ee728b)
Start importing Assets/Sprites/Ghost 1.png using Guid(fff177a20bd3057459a42b6dcb624caf) Importer(815301076,1909f56bfc062723c751e8b465ee728b)  -> (artifact id: '649a04e6e8e26e9a118ac829f652f4f8') in 0.030368 seconds
  Import took 0.037457 seconds .

========================================================================
Received Prepare
Registering precompiled user dll's ...
Registered in 0.000826 seconds.
Begin MonoManager ReloadAssembly
Native extension for WindowsStandalone target not found
Native extension for WebGL target not found
Refreshing native plugins compatible for Editor in 0.19 ms, found 0 plugins.
Preloading 0 native plugins for Editor in 0.00 ms.
Invoked RoslynAnalysisRunner static constructor.
RoslynAnalysisRunner will not be running.
RoslynAnalysisRunner has terminated.
Mono: successfully reloaded assembly
- Completed reload, in  0.736 seconds
Platform modules already initialized, skipping
Refreshing native plugins compatible for Editor in 0.19 ms, found 0 plugins.
Preloading 0 native plugins for Editor in 0.00 ms.
Unloading 1134 Unused Serialized files (Serialized files now loaded: 0)
System memory in use before: 61.4 MB.
System memory in use after: 61.4 MB.

Unloading 5 unused Assets to reduce memory usage. Loaded Objects now: 1627.
Total: 3.913200 ms (FindLiveObjects: 0.307500 ms CreateObjectMapping: 0.095400 ms MarkObjects: 3.416600 ms  DeleteObjects: 0.089400 ms)

